 
****************************************
Report : constraint
Design : top
Version: Q-2019.12
Date   : Wed Dec  1 01:32:07 2021
****************************************


                                                   Weighted
    Group (max_delay/setup)      Cost     Weight     Cost
    -----------------------------------------------------
    clk                          5.26      1.00      5.26
    default                      0.00      1.00      0.00
    -----------------------------------------------------
    max_delay/setup                                  5.26

                              Total Neg  Critical
    Group (critical_range)      Slack    Endpoints   Cost
    -----------------------------------------------------
    clk                       2606.81         1      5.26
    default                      0.00         0      0.00
    -----------------------------------------------------
    critical_range                                   5.26

                                                   Weighted
    Group (min_delay/hold)       Cost     Weight     Cost
    -----------------------------------------------------
    clk                          0.00      1.00      0.00
    default                      0.00      1.00      0.00
    -----------------------------------------------------
    min_delay/hold                                   0.00


    Constraint                                       Cost
    -----------------------------------------------------
    multiport_net                                    0.00 (MET)
    max_transition                                   0.00 (MET)
    max_fanout                                       0.00 (MET)
    max_capacitance                                  0.00 (MET)
    max_delay/setup                                  5.26 (VIOLATED)
    sequential_clock_pulse_width                     0.00 (MET)
    critical_range                                   5.26 (VIOLATED)
    min_delay/hold                                   0.00 (MET)
    min_period                                       0.00 (MET)


1
